Arguments: 
  /usr/bin/node /usr/bin/yarn

PATH: 
  /home/tomp/.local/bin:/usr/local/bin:/usr/bin:/bin:/usr/local/sbin:/usr/lib/jvm/default/bin:/usr/bin/site_perl:/usr/bin/vendor_perl:/usr/bin/core_perl:/var/lib/snapd/snap/bin:/home/tomp/.local/bin/statusbar:/home/tomp/.local/bin/i3cmds:/home/tomp/.local/bin/cron:/home/tomp/.local/bin

Yarn version: 
  1.22.10

Node version: 
  15.10.0

Platform: 
  linux x64

Trace: 
  SyntaxError: /home/tomp/Projects/presets/node-ts-express-preset/package.json: Unexpected token } in JSON at position 451
      at JSON.parse (<anonymous>)
      at /usr/lib/node_modules/yarn/lib/cli.js:1625:59
      at Generator.next (<anonymous>)
      at step (/usr/lib/node_modules/yarn/lib/cli.js:310:30)
      at /usr/lib/node_modules/yarn/lib/cli.js:321:13

npm manifest: 
  {
    "name": "backend",
    "version": "1.0.0",
    "description": "",
    "main": "index.js",
    "scripts": {
      "test": "echo \"Error: no test specified\" && exit 1",
      "run": "ts-node ./src/server.ts",
      "kill": "bash ./killws.sh",
      "start:debug": "ts-node --ignore false ./src/server.ts"
    },
    "keywords": [],
    "author": "",
    "license": "ISC",
    "dependencies": {
      "body-parser": "^1.19.0",
      "cors": "^2.8.5",
      "express": "^4.17.1",
    },
    "devDependencies": {
      "@types/body-parser": "^1.19.0",
      "@types/cors": "^2.8.10",
      "@types/express": "^4.17.11",
      "@types/node": "^14.14.27",
      "typescript": "^4.1.5"
    }
  }

yarn manifest: 
  No manifest

Lockfile: 
  No lockfile
